[debug] [2021-10-12T12:51:53.441Z] ----------------------------------------------------------------------
[debug] [2021-10-12T12:51:53.442Z] Command:       /Users/a999999999/.nvm/versions/node/v14.17.0/bin/node /Users/a999999999/.nvm/versions/node/v14.17.0/bin/firebase init
[debug] [2021-10-12T12:51:53.442Z] CLI Version:   9.16.0
[debug] [2021-10-12T12:51:53.442Z] Platform:      darwin
[debug] [2021-10-12T12:51:53.442Z] Node Version:  v14.17.0
[debug] [2021-10-12T12:51:53.443Z] Time:          Tue Oct 12 2021 08:51:53 GMT-0400 (Eastern Daylight Time)
[debug] [2021-10-12T12:51:53.443Z] ----------------------------------------------------------------------
[debug] 
[debug] [2021-10-12T12:51:53.445Z] > command requires scopes: ["email","openid","https://www.googleapis.com/auth/cloudplatformprojects.readonly","https://www.googleapis.com/auth/firebase","https://www.googleapis.com/auth/cloud-platform"]
[debug] [2021-10-12T12:51:53.445Z] > authorizing via signed-in user (bmejia220@gmail.com)
[info] 
     ######## #### ########  ######## ########     ###     ######  ########
     ##        ##  ##     ## ##       ##     ##  ##   ##  ##       ##
     ######    ##  ########  ######   ########  #########  ######  ######
     ##        ##  ##    ##  ##       ##     ## ##     ##       ## ##
     ##       #### ##     ## ######## ########  ##     ##  ######  ########

You're about to initialize a Firebase project in this directory:

  /Users/a999999999/Desktop/code/portfolio Bootstrap/portfolio_v3

[info] 
=== Project Setup
[info] 
[info] First, let's associate this project directory with a Firebase project.
[info] You can create multiple project aliases by running firebase use --add, 
[info] but for now we'll just set up a default project.
[info] 
[info] i  If you want to create a project in a Google Cloud organization or folder, please use "firebase projects:create" instead, and return to this command when you've created the project. 
[debug] [2021-10-12T12:52:25.407Z] > refreshing access token with scopes: ["email","https://www.googleapis.com/auth/cloud-platform","https://www.googleapis.com/auth/cloudplatformprojects.readonly","https://www.googleapis.com/auth/firebase","openid"]
[debug] [2021-10-12T12:52:25.407Z] >>> HTTP REQUEST POST https://www.googleapis.com/oauth2/v3/token  
 <request body omitted>
[debug] [2021-10-12T12:52:25.692Z] <<< HTTP RESPONSE 200 {"pragma":"no-cache","cache-control":"no-cache, no-store, max-age=0, must-revalidate","date":"Tue, 12 Oct 2021 12:52:24 GMT","expires":"Mon, 01 Jan 1990 00:00:00 GMT","content-type":"application/json; charset=utf-8","vary":"X-Origin, Referer, Origin,Accept-Encoding","server":"scaffolding on HTTPServer2","x-xss-protection":"0","x-frame-options":"SAMEORIGIN","x-content-type-options":"nosniff","alt-svc":"h3=\":443\"; ma=2592000,h3-29=\":443\"; ma=2592000,h3-T051=\":443\"; ma=2592000,h3-Q050=\":443\"; ma=2592000,h3-Q046=\":443\"; ma=2592000,h3-Q043=\":443\"; ma=2592000,quic=\":443\"; ma=2592000; v=\"46,43\"","accept-ranges":"none","transfer-encoding":"chunked"}
[debug] [2021-10-12T12:52:25.722Z] >>> HTTP REQUEST POST https://cloudresourcemanager.googleapis.com/v1/projects  
 {"projectId":"bryantmejiasoftwareportfolio","name":"bryantmejiasoftwareportfolio"}
[debug] [2021-10-12T12:52:26.235Z] <<< HTTP RESPONSE 200 {"content-type":"application/json; charset=UTF-8","vary":"X-Origin, Referer, Origin,Accept-Encoding","date":"Tue, 12 Oct 2021 12:52:25 GMT","server":"ESF","cache-control":"private","x-xss-protection":"0","x-frame-options":"SAMEORIGIN","x-content-type-options":"nosniff","server-timing":"gfet4t7; dur=248","alt-svc":"h3=\":443\"; ma=2592000,h3-29=\":443\"; ma=2592000,h3-T051=\":443\"; ma=2592000,h3-Q050=\":443\"; ma=2592000,h3-Q046=\":443\"; ma=2592000,h3-Q043=\":443\"; ma=2592000,quic=\":443\"; ma=2592000; v=\"46,43\"","accept-ranges":"none","transfer-encoding":"chunked"}
[debug] [2021-10-12T12:52:26.240Z] > refreshing access token with scopes: []
[debug] [2021-10-12T12:52:26.240Z] >>> HTTP REQUEST POST https://www.googleapis.com/oauth2/v3/token  
 <request body omitted>
[debug] [2021-10-12T12:52:26.464Z] <<< HTTP RESPONSE 200 {"expires":"Mon, 01 Jan 1990 00:00:00 GMT","cache-control":"no-cache, no-store, max-age=0, must-revalidate","pragma":"no-cache","date":"Tue, 12 Oct 2021 12:52:25 GMT","content-type":"application/json; charset=utf-8","vary":"X-Origin, Referer, Origin,Accept-Encoding","server":"scaffolding on HTTPServer2","x-xss-protection":"0","x-frame-options":"SAMEORIGIN","x-content-type-options":"nosniff","alt-svc":"h3=\":443\"; ma=2592000,h3-29=\":443\"; ma=2592000,h3-T051=\":443\"; ma=2592000,h3-Q050=\":443\"; ma=2592000,h3-Q046=\":443\"; ma=2592000,h3-Q043=\":443\"; ma=2592000,quic=\":443\"; ma=2592000; v=\"46,43\"","accept-ranges":"none","transfer-encoding":"chunked"}
[debug] [2021-10-12T12:52:26.512Z] >>> [apiv2][query] GET https://cloudresourcemanager.googleapis.com/v1/operations/cp.6407795911658197747 [none]
[debug] [2021-10-12T12:52:27.164Z] <<< [apiv2][status] GET https://cloudresourcemanager.googleapis.com/v1/operations/cp.6407795911658197747 200
[debug] [2021-10-12T12:52:27.165Z] <<< [apiv2][body] GET https://cloudresourcemanager.googleapis.com/v1/operations/cp.6407795911658197747 {"name":"operations/cp.6407795911658197747"}
[debug] [2021-10-12T12:52:27.668Z] [Project Creation Poller] Retrying task index 0
[debug] [2021-10-12T12:52:27.669Z] >>> [apiv2][query] GET https://cloudresourcemanager.googleapis.com/v1/operations/cp.6407795911658197747 [none]
[debug] [2021-10-12T12:52:28.388Z] <<< [apiv2][status] GET https://cloudresourcemanager.googleapis.com/v1/operations/cp.6407795911658197747 200
[debug] [2021-10-12T12:52:28.388Z] <<< [apiv2][body] GET https://cloudresourcemanager.googleapis.com/v1/operations/cp.6407795911658197747 {"name":"operations/cp.6407795911658197747","metadata":{"@type":"type.googleapis.com/google.cloudresourcemanager.v1.ProjectCreationStatus","gettable":true}}
[debug] [2021-10-12T12:52:29.393Z] [Project Creation Poller] Retrying task index 0
[debug] [2021-10-12T12:52:29.394Z] >>> [apiv2][query] GET https://cloudresourcemanager.googleapis.com/v1/operations/cp.6407795911658197747 [none]
[debug] [2021-10-12T12:52:30.252Z] <<< [apiv2][status] GET https://cloudresourcemanager.googleapis.com/v1/operations/cp.6407795911658197747 200
[debug] [2021-10-12T12:52:30.252Z] <<< [apiv2][body] GET https://cloudresourcemanager.googleapis.com/v1/operations/cp.6407795911658197747 {"name":"operations/cp.6407795911658197747","metadata":{"@type":"type.googleapis.com/google.cloudresourcemanager.v1.ProjectCreationStatus","gettable":true,"ready":true},"done":true,"response":{"@type":"type.googleapis.com/google.cloudresourcemanager.v1.Project","projectNumber":"131281143061","projectId":"bryantmejiasoftwareportfolio","lifecycleState":"ACTIVE","name":"bryantmejiasoftwareportfolio","createTime":"2021-10-12T12:52:25.298Z"}}
[debug] [2021-10-12T12:52:30.254Z] > refreshing access token with scopes: ["email","https://www.googleapis.com/auth/cloud-platform","https://www.googleapis.com/auth/cloudplatformprojects.readonly","https://www.googleapis.com/auth/firebase","openid"]
[debug] [2021-10-12T12:52:30.255Z] >>> HTTP REQUEST POST https://www.googleapis.com/oauth2/v3/token  
 <request body omitted>
[debug] [2021-10-12T12:52:30.721Z] <<< HTTP RESPONSE 200 {"expires":"Mon, 01 Jan 1990 00:00:00 GMT","pragma":"no-cache","date":"Tue, 12 Oct 2021 12:52:29 GMT","cache-control":"no-cache, no-store, max-age=0, must-revalidate","content-type":"application/json; charset=utf-8","vary":"X-Origin, Referer, Origin,Accept-Encoding","server":"scaffolding on HTTPServer2","x-xss-protection":"0","x-frame-options":"SAMEORIGIN","x-content-type-options":"nosniff","alt-svc":"h3=\":443\"; ma=2592000,h3-29=\":443\"; ma=2592000,h3-T051=\":443\"; ma=2592000,h3-Q050=\":443\"; ma=2592000,h3-Q046=\":443\"; ma=2592000,h3-Q043=\":443\"; ma=2592000,quic=\":443\"; ma=2592000; v=\"46,43\"","accept-ranges":"none","transfer-encoding":"chunked"}
[debug] [2021-10-12T12:52:30.764Z] >>> HTTP REQUEST POST https://firebase.googleapis.com/v1beta1/projects/bryantmejiasoftwareportfolio:addFirebase  
 
[debug] [2021-10-12T12:52:32.891Z] <<< HTTP RESPONSE 200 {"content-type":"application/json; charset=UTF-8","vary":"X-Origin, Referer, Origin,Accept-Encoding","date":"Tue, 12 Oct 2021 12:52:31 GMT","server":"ESF","cache-control":"private","x-xss-protection":"0","x-frame-options":"SAMEORIGIN","x-content-type-options":"nosniff","alt-svc":"h3=\":443\"; ma=2592000,h3-29=\":443\"; ma=2592000,h3-T051=\":443\"; ma=2592000,h3-Q050=\":443\"; ma=2592000,h3-Q046=\":443\"; ma=2592000,h3-Q043=\":443\"; ma=2592000,quic=\":443\"; ma=2592000; v=\"46,43\"","accept-ranges":"none","transfer-encoding":"chunked"}
[debug] [2021-10-12T12:52:32.893Z] > refreshing access token with scopes: []
[debug] [2021-10-12T12:52:32.893Z] >>> HTTP REQUEST POST https://www.googleapis.com/oauth2/v3/token  
 <request body omitted>
[debug] [2021-10-12T12:52:33.344Z] <<< HTTP RESPONSE 200 {"pragma":"no-cache","date":"Tue, 12 Oct 2021 12:52:32 GMT","expires":"Mon, 01 Jan 1990 00:00:00 GMT","cache-control":"no-cache, no-store, max-age=0, must-revalidate","content-type":"application/json; charset=utf-8","vary":"X-Origin, Referer, Origin,Accept-Encoding","server":"scaffolding on HTTPServer2","x-xss-protection":"0","x-frame-options":"SAMEORIGIN","x-content-type-options":"nosniff","alt-svc":"h3=\":443\"; ma=2592000,h3-29=\":443\"; ma=2592000,h3-T051=\":443\"; ma=2592000,h3-Q050=\":443\"; ma=2592000,h3-Q046=\":443\"; ma=2592000,h3-Q043=\":443\"; ma=2592000,quic=\":443\"; ma=2592000; v=\"46,43\"","accept-ranges":"none","transfer-encoding":"chunked"}
[debug] [2021-10-12T12:52:33.388Z] >>> [apiv2][query] GET https://firebase.googleapis.com/v1beta1/operations/workflows/NTc4Y2ZiZGEtYzFjZi00M2ZiLWIxODktYmUxZDYyYmRiMDIz [none]
[debug] [2021-10-12T12:52:34.532Z] <<< [apiv2][status] GET https://firebase.googleapis.com/v1beta1/operations/workflows/NTc4Y2ZiZGEtYzFjZi00M2ZiLWIxODktYmUxZDYyYmRiMDIz 200
[debug] [2021-10-12T12:52:34.532Z] <<< [apiv2][body] GET https://firebase.googleapis.com/v1beta1/operations/workflows/NTc4Y2ZiZGEtYzFjZi00M2ZiLWIxODktYmUxZDYyYmRiMDIz {"name":"operations/workflows/NTc4Y2ZiZGEtYzFjZi00M2ZiLWIxODktYmUxZDYyYmRiMDIz"}
[debug] [2021-10-12T12:52:35.037Z] [Add Firebase Poller] Retrying task index 0
[debug] [2021-10-12T12:52:35.037Z] >>> [apiv2][query] GET https://firebase.googleapis.com/v1beta1/operations/workflows/NTc4Y2ZiZGEtYzFjZi00M2ZiLWIxODktYmUxZDYyYmRiMDIz [none]
[debug] [2021-10-12T12:52:35.752Z] <<< [apiv2][status] GET https://firebase.googleapis.com/v1beta1/operations/workflows/NTc4Y2ZiZGEtYzFjZi00M2ZiLWIxODktYmUxZDYyYmRiMDIz 200
[debug] [2021-10-12T12:52:35.752Z] <<< [apiv2][body] GET https://firebase.googleapis.com/v1beta1/operations/workflows/NTc4Y2ZiZGEtYzFjZi00M2ZiLWIxODktYmUxZDYyYmRiMDIz {"name":"operations/workflows/NTc4Y2ZiZGEtYzFjZi00M2ZiLWIxODktYmUxZDYyYmRiMDIz"}
[debug] [2021-10-12T12:52:36.758Z] [Add Firebase Poller] Retrying task index 0
[debug] [2021-10-12T12:52:36.759Z] >>> [apiv2][query] GET https://firebase.googleapis.com/v1beta1/operations/workflows/NTc4Y2ZiZGEtYzFjZi00M2ZiLWIxODktYmUxZDYyYmRiMDIz [none]
[debug] [2021-10-12T12:52:37.296Z] <<< [apiv2][status] GET https://firebase.googleapis.com/v1beta1/operations/workflows/NTc4Y2ZiZGEtYzFjZi00M2ZiLWIxODktYmUxZDYyYmRiMDIz 200
[debug] [2021-10-12T12:52:37.296Z] <<< [apiv2][body] GET https://firebase.googleapis.com/v1beta1/operations/workflows/NTc4Y2ZiZGEtYzFjZi00M2ZiLWIxODktYmUxZDYyYmRiMDIz {"name":"operations/workflows/NTc4Y2ZiZGEtYzFjZi00M2ZiLWIxODktYmUxZDYyYmRiMDIz"}
[debug] [2021-10-12T12:52:39.298Z] [Add Firebase Poller] Retrying task index 0
[debug] [2021-10-12T12:52:39.299Z] >>> [apiv2][query] GET https://firebase.googleapis.com/v1beta1/operations/workflows/NTc4Y2ZiZGEtYzFjZi00M2ZiLWIxODktYmUxZDYyYmRiMDIz [none]
[debug] [2021-10-12T12:52:39.857Z] <<< [apiv2][status] GET https://firebase.googleapis.com/v1beta1/operations/workflows/NTc4Y2ZiZGEtYzFjZi00M2ZiLWIxODktYmUxZDYyYmRiMDIz 200
[debug] [2021-10-12T12:52:39.858Z] <<< [apiv2][body] GET https://firebase.googleapis.com/v1beta1/operations/workflows/NTc4Y2ZiZGEtYzFjZi00M2ZiLWIxODktYmUxZDYyYmRiMDIz {"name":"operations/workflows/NTc4Y2ZiZGEtYzFjZi00M2ZiLWIxODktYmUxZDYyYmRiMDIz"}
[debug] [2021-10-12T12:52:43.860Z] [Add Firebase Poller] Retrying task index 0
[debug] [2021-10-12T12:52:43.861Z] >>> [apiv2][query] GET https://firebase.googleapis.com/v1beta1/operations/workflows/NTc4Y2ZiZGEtYzFjZi00M2ZiLWIxODktYmUxZDYyYmRiMDIz [none]
[debug] [2021-10-12T12:52:44.464Z] <<< [apiv2][status] GET https://firebase.googleapis.com/v1beta1/operations/workflows/NTc4Y2ZiZGEtYzFjZi00M2ZiLWIxODktYmUxZDYyYmRiMDIz 200
[debug] [2021-10-12T12:52:44.465Z] <<< [apiv2][body] GET https://firebase.googleapis.com/v1beta1/operations/workflows/NTc4Y2ZiZGEtYzFjZi00M2ZiLWIxODktYmUxZDYyYmRiMDIz {"name":"operations/workflows/NTc4Y2ZiZGEtYzFjZi00M2ZiLWIxODktYmUxZDYyYmRiMDIz","done":true,"response":{"@type":"type.googleapis.com/google.firebase.service.v1beta1.FirebaseProject","projectId":"bryantmejiasoftwareportfolio","projectNumber":"131281143061","displayName":"bryantmejiasoftwareportfolio","name":"projects/bryantmejiasoftwareportfolio","resources":{"hostingSite":"bryantmejiasoftwareportfolio"}}}
[info] 
[info] 🎉🎉🎉 Your Firebase project is ready! 🎉🎉🎉
[info] 
[info] Project information:
[info]    - Project ID: bryantmejiasoftwareportfolio
[info]    - Project Name: bryantmejiasoftwareportfolio
[info] 
[info] Firebase console is available at
[info] https://console.firebase.google.com/project/bryantmejiasoftwareportfolio/overview
[info] i  Using project bryantmejiasoftwareportfolio (bryantmejiasoftwareportfolio) 
[info] 
=== Hosting Setup
[info] 
[info] Your public directory is the folder (relative to your project directory) that
[info] will contain Hosting assets to be uploaded with firebase deploy. If you
[info] have a build process for your assets, use your build's output directory.
[info] 
[info] ✔  Wrote public/404.html 
[debug] [2021-10-12T12:53:19.330Z] >>> [apiv2][query] GET https://www.gstatic.com/firebasejs/releases.json [none]
[debug] [2021-10-12T12:53:19.633Z] <<< [apiv2][status] GET https://www.gstatic.com/firebasejs/releases.json 200
[debug] [2021-10-12T12:53:19.634Z] <<< [apiv2][body] GET https://www.gstatic.com/firebasejs/releases.json {"current":{"version":"9.1.2","browserURL":"https://www.gstatic.com/firebasejs/9.1.2/firebase.js","packageURL":"https://www.gstatic.com/firebasejs/9.1.2/firebase.tgz"},"live":{"version":"9.1","browserURL":"https://www.gstatic.com/firebasejs/live/9.1/firebase.js","packageURL":"https://www.gstatic.com/firebasejs/live/9.1/firebase.tgz"},"components":{"analytics":"https://www.gstatic.com/firebasejs/9.1.2/firebase-analytics.js","app":"https://www.gstatic.com/firebasejs/9.1.2/firebase-app.js","app-check":"https://www.gstatic.com/firebasejs/9.1.2/firebase-app-check.js","auth":"https://www.gstatic.com/firebasejs/9.1.2/firebase-auth.js","auth/cordova":"https://www.gstatic.com/firebasejs/9.1.2/firebase-auth/cordova.js","auth/react-native":"https://www.gstatic.com/firebasejs/9.1.2/firebase-auth/react-native.js","functions":"https://www.gstatic.com/firebasejs/9.1.2/firebase-functions.js","firestore":"https://www.gstatic.com/firebasejs/9.1.2/firebase-firestore.js","firestore/lite":"https://www.gstatic.com/firebasejs/9.1.2/firebase-firestore/lite.js","storage":"https://www.gstatic.com/firebasejs/9.1.2/firebase-storage.js","performance":"https://www.gstatic.com/firebasejs/9.1.2/firebase-performance.js","remote-config":"https://www.gstatic.com/firebasejs/9.1.2/firebase-remote-config.js","messaging":"https://www.gstatic.com/firebasejs/9.1.2/firebase-messaging.js","messaging/sw":"https://www.gstatic.com/firebasejs/9.1.2/firebase-messaging/sw.js","database":"https://www.gstatic.com/firebasejs/9.1.2/firebase-database.js","firestore.memory":"https://www.gstatic.com/firebasejs/9.1.2/firebase-firestore.memory.js"}}
[info] ✔  Wrote public/index.html 
[info] 
[info] i  Didn't detect a .git folder. Assuming /Users/a999999999/Desktop/code/portfolio Bootstrap/portfolio_v3 is the project root. 
[info] i  Authorizing with GitHub to upload your service account to a GitHub repository's secrets store. 
[info] 
[info] Visit this URL on this device to log in:
[info] https://github.com/login/oauth/authorize?client_id=89cf50f02ac6aaed3484&state=398775656&redirect_uri=http%3A%2F%2Flocalhost%3A9005&scope=read%3Auser%20repo%20public_repo
[info] 
[info] Waiting for authentication...
[debug] [2021-10-12T12:53:20.031Z] >>> HTTP REQUEST POST https://github.com/login/oauth/access_token  
 {"client_id":"89cf50f02ac6aaed3484","client_secret":"3330d14abc895d9a74d5f17cd7a00711fa2c5bf0","code":"f6593ea0bbad9e595d70","redirect_uri":"http://localhost:9005","state":"398775656"}
[debug] [2021-10-12T12:53:20.168Z] <<< HTTP RESPONSE 200 {"server":"GitHub.com","date":"Tue, 12 Oct 2021 12:53:19 GMT","content-type":"application/json; charset=utf-8","transfer-encoding":"chunked","vary":"X-PJAX, X-PJAX-Container, Accept-Encoding, Accept, X-Requested-With","permissions-policy":"interest-cohort=()","etag":"W/\"eac77a8694468a9d6e9cb0cfb5a349b3\"","cache-control":"max-age=0, private, must-revalidate","strict-transport-security":"max-age=31536000; includeSubdomains; preload","x-frame-options":"deny","x-content-type-options":"nosniff","x-xss-protection":"0","referrer-policy":"origin-when-cross-origin, strict-origin-when-cross-origin","expect-ct":"max-age=2592000, report-uri=\"https://api.github.com/_private/browser/errors\"","content-security-policy":"default-src 'none'; base-uri 'self'; block-all-mixed-content; child-src github.com/assets-cdn/worker/ gist.github.com/assets-cdn/worker/; connect-src 'self' uploads.github.com objects-origin.githubusercontent.com www.githubstatus.com collector.githubapp.com api.github.com github-cloud.s3.amazonaws.com github-production-repository-file-5c1aeb.s3.amazonaws.com github-production-upload-manifest-file-7fdce7.s3.amazonaws.com github-production-user-asset-6210df.s3.amazonaws.com cdn.optimizely.com logx.optimizely.com/v1/events translator.github.com wss://alive.github.com; font-src github.githubassets.com; form-action 'self' github.com gist.github.com objects-origin.githubusercontent.com; frame-ancestors 'none'; frame-src render.githubusercontent.com viewscreen.githubusercontent.com viewscreen-lab.githubusercontent.com; img-src 'self' data: github.githubassets.com identicons.github.com collector.githubapp.com github-cloud.s3.amazonaws.com secured-user-images.githubusercontent.com/ *.githubusercontent.com; manifest-src 'self'; media-src github.com user-images.githubusercontent.com/; script-src github.githubassets.com; style-src 'unsafe-inline' github.githubassets.com; worker-src github.com/assets-cdn/worker/ gist.github.com/assets-cdn/worker/","x-github-request-id":"98D1:1EEB:20CED15:32251FD:6165853F"}
[debug] [2021-10-12T12:53:20.174Z] >>> [apiv2][query] GET https://api.github.com/user [none]
[debug] [2021-10-12T12:53:20.442Z] <<< [apiv2][status] GET https://api.github.com/user 200
[debug] [2021-10-12T12:53:20.443Z] <<< [apiv2][body] GET https://api.github.com/user {"login":"lowkeystone","id":54378250,"node_id":"MDQ6VXNlcjU0Mzc4MjUw","avatar_url":"https://avatars.githubusercontent.com/u/54378250?v=4","gravatar_id":"","url":"https://api.github.com/users/lowkeystone","html_url":"https://github.com/lowkeystone","followers_url":"https://api.github.com/users/lowkeystone/followers","following_url":"https://api.github.com/users/lowkeystone/following{/other_user}","gists_url":"https://api.github.com/users/lowkeystone/gists{/gist_id}","starred_url":"https://api.github.com/users/lowkeystone/starred{/owner}{/repo}","subscriptions_url":"https://api.github.com/users/lowkeystone/subscriptions","organizations_url":"https://api.github.com/users/lowkeystone/orgs","repos_url":"https://api.github.com/users/lowkeystone/repos","events_url":"https://api.github.com/users/lowkeystone/events{/privacy}","received_events_url":"https://api.github.com/users/lowkeystone/received_events","type":"User","site_admin":false,"name":null,"company":null,"blog":"","location":null,"email":null,"hireable":null,"bio":null,"twitter_username":null,"public_repos":4,"public_gists":0,"followers":0,"following":7,"created_at":"2019-08-21T21:12:18Z","updated_at":"2021-10-11T22:09:26Z","private_gists":0,"total_private_repos":5,"owned_private_repos":5,"disk_usage":3156,"collaborators":0,"two_factor_authentication":false,"plan":{"name":"free","space":976562499,"collaborators":0,"private_repos":10000}}
[info] 
[info] ✔  Success! Logged into GitHub as lowkeystone 
[info] 
